[2016-09-20 07:24:17] local.ERROR: exception 'Symfony\Component\Debug\Exception\FatalErrorException' with message 'syntax error, unexpected '=>' (T_DOUBLE_ARROW)' in C:\wamp\www\laravel\app\Http\routes.php:17
Stack trace:
#0 C:\wamp\www\laravel\vendor\laravel\framework\src\Illuminate\Foundation\Bootstrap\HandleExceptions.php(133): Symfony\Component\Debug\Exception\FatalErrorException->__construct()
#1 C:\wamp\www\laravel\vendor\laravel\framework\src\Illuminate\Foundation\Bootstrap\HandleExceptions.php(118): Illuminate\Foundation\Bootstrap\HandleExceptions->fatalExceptionFromError()
#2 C:\wamp\www\laravel\vendor\laravel\framework\src\Illuminate\Foundation\Bootstrap\HandleExceptions.php(0): Illuminate\Foundation\Bootstrap\HandleExceptions->handleShutdown()
#3 C:\wamp\www\laravel\vendor\laravel\framework\src\Illuminate\Routing\Router.php(398): App\Providers\RouteServiceProvider->App\Providers\{closure}()
#4 C:\wamp\www\laravel\vendor\laravel\framework\src\Illuminate\Routing\Router.php(398): call_user_func:{C:\wamp\www\laravel\vendor\laravel\framework\src\Illuminate\Routing\Router.php:398}()
#5 C:\wamp\www\laravel\app\Providers\RouteServiceProvider.php(42): Illuminate\Routing\Router->group()
#6 C:\wamp\www\laravel\vendor\laravel\framework\src\Illuminate\Container\Container.php(507): App\Providers\RouteServiceProvider->map()
#7 C:\wamp\www\laravel\vendor\laravel\framework\src\Illuminate\Container\Container.php(507): call_user_func_array:{C:\wamp\www\laravel\vendor\laravel\framework\src\Illuminate\Container\Container.php:507}()
#8 C:\wamp\www\laravel\vendor\laravel\framework\src\Illuminate\Foundation\Support\Providers\RouteServiceProvider.php(72): Illuminate\Container\Container->call()
#9 C:\wamp\www\laravel\vendor\laravel\framework\src\Illuminate\Foundation\Support\Providers\RouteServiceProvider.php(31): Illuminate\Foundation\Support\Providers\RouteServiceProvider->loadRoutes()
#10 C:\wamp\www\laravel\app\Providers\RouteServiceProvider.php(29): Illuminate\Foundation\Support\Providers\RouteServiceProvider->boot()
#11 C:\wamp\www\laravel\vendor\laravel\framework\src\Illuminate\Container\Container.php(507): App\Providers\RouteServiceProvider->boot()
#12 C:\wamp\www\laravel\vendor\laravel\framework\src\Illuminate\Container\Container.php(507): call_user_func_array:{C:\wamp\www\laravel\vendor\laravel\framework\src\Illuminate\Container\Container.php:507}()
#13 C:\wamp\www\laravel\vendor\laravel\framework\src\Illuminate\Foundation\Application.php(734): Illuminate\Container\Container->call()
#14 C:\wamp\www\laravel\vendor\laravel\framework\src\Illuminate\Foundation\Application.php(717): Illuminate\Foundation\Application->bootProvider()
#15 C:\wamp\www\laravel\vendor\laravel\framework\src\Illuminate\Foundation\Application.php(718): Illuminate\Foundation\Application->Illuminate\Foundation\{closure}()
#16 C:\wamp\www\laravel\vendor\laravel\framework\src\Illuminate\Foundation\Application.php(718): array_walk()
#17 C:\wamp\www\laravel\vendor\laravel\framework\src\Illuminate\Foundation\Bootstrap\BootProviders.php(17): Illuminate\Foundation\Application->boot()
#18 C:\wamp\www\laravel\vendor\laravel\framework\src\Illuminate\Foundation\Application.php(203): Illuminate\Foundation\Bootstrap\BootProviders->bootstrap()
#19 C:\wamp\www\laravel\vendor\laravel\framework\src\Illuminate\Foundation\Http\Kernel.php(232): Illuminate\Foundation\Application->bootstrapWith()
#20 C:\wamp\www\laravel\vendor\laravel\framework\src\Illuminate\Foundation\Http\Kernel.php(127): Illuminate\Foundation\Http\Kernel->bootstrap()
#21 C:\wamp\www\laravel\vendor\laravel\framework\src\Illuminate\Foundation\Http\Kernel.php(99): Illuminate\Foundation\Http\Kernel->sendRequestThroughRouter()
#22 C:\wamp\www\laravel\public\index.php(54): Illuminate\Foundation\Http\Kernel->handle()
#23 C:\wamp\www\laravel\public\index.php(0): {main}()
#24 {main}  
[2016-09-20 07:24:23] local.ERROR: exception 'Symfony\Component\Debug\Exception\FatalErrorException' with message 'syntax error, unexpected '=>' (T_DOUBLE_ARROW)' in C:\wamp\www\laravel\app\Http\routes.php:17
Stack trace:
#0 C:\wamp\www\laravel\vendor\laravel\framework\src\Illuminate\Foundation\Bootstrap\HandleExceptions.php(133): Symfony\Component\Debug\Exception\FatalErrorException->__construct()
#1 C:\wamp\www\laravel\vendor\laravel\framework\src\Illuminate\Foundation\Bootstrap\HandleExceptions.php(118): Illuminate\Foundation\Bootstrap\HandleExceptions->fatalExceptionFromError()
#2 C:\wamp\www\laravel\vendor\laravel\framework\src\Illuminate\Foundation\Bootstrap\HandleExceptions.php(0): Illuminate\Foundation\Bootstrap\HandleExceptions->handleShutdown()
#3 C:\wamp\www\laravel\vendor\laravel\framework\src\Illuminate\Routing\Router.php(398): App\Providers\RouteServiceProvider->App\Providers\{closure}()
#4 C:\wamp\www\laravel\vendor\laravel\framework\src\Illuminate\Routing\Router.php(398): call_user_func:{C:\wamp\www\laravel\vendor\laravel\framework\src\Illuminate\Routing\Router.php:398}()
#5 C:\wamp\www\laravel\app\Providers\RouteServiceProvider.php(42): Illuminate\Routing\Router->group()
#6 C:\wamp\www\laravel\vendor\laravel\framework\src\Illuminate\Container\Container.php(507): App\Providers\RouteServiceProvider->map()
#7 C:\wamp\www\laravel\vendor\laravel\framework\src\Illuminate\Container\Container.php(507): call_user_func_array:{C:\wamp\www\laravel\vendor\laravel\framework\src\Illuminate\Container\Container.php:507}()
#8 C:\wamp\www\laravel\vendor\laravel\framework\src\Illuminate\Foundation\Support\Providers\RouteServiceProvider.php(72): Illuminate\Container\Container->call()
#9 C:\wamp\www\laravel\vendor\laravel\framework\src\Illuminate\Foundation\Support\Providers\RouteServiceProvider.php(31): Illuminate\Foundation\Support\Providers\RouteServiceProvider->loadRoutes()
#10 C:\wamp\www\laravel\app\Providers\RouteServiceProvider.php(29): Illuminate\Foundation\Support\Providers\RouteServiceProvider->boot()
#11 C:\wamp\www\laravel\vendor\laravel\framework\src\Illuminate\Container\Container.php(507): App\Providers\RouteServiceProvider->boot()
#12 C:\wamp\www\laravel\vendor\laravel\framework\src\Illuminate\Container\Container.php(507): call_user_func_array:{C:\wamp\www\laravel\vendor\laravel\framework\src\Illuminate\Container\Container.php:507}()
#13 C:\wamp\www\laravel\vendor\laravel\framework\src\Illuminate\Foundation\Application.php(734): Illuminate\Container\Container->call()
#14 C:\wamp\www\laravel\vendor\laravel\framework\src\Illuminate\Foundation\Application.php(717): Illuminate\Foundation\Application->bootProvider()
#15 C:\wamp\www\laravel\vendor\laravel\framework\src\Illuminate\Foundation\Application.php(718): Illuminate\Foundation\Application->Illuminate\Foundation\{closure}()
#16 C:\wamp\www\laravel\vendor\laravel\framework\src\Illuminate\Foundation\Application.php(718): array_walk()
#17 C:\wamp\www\laravel\vendor\laravel\framework\src\Illuminate\Foundation\Bootstrap\BootProviders.php(17): Illuminate\Foundation\Application->boot()
#18 C:\wamp\www\laravel\vendor\laravel\framework\src\Illuminate\Foundation\Application.php(203): Illuminate\Foundation\Bootstrap\BootProviders->bootstrap()
#19 C:\wamp\www\laravel\vendor\laravel\framework\src\Illuminate\Foundation\Http\Kernel.php(232): Illuminate\Foundation\Application->bootstrapWith()
#20 C:\wamp\www\laravel\vendor\laravel\framework\src\Illuminate\Foundation\Http\Kernel.php(127): Illuminate\Foundation\Http\Kernel->bootstrap()
#21 C:\wamp\www\laravel\vendor\laravel\framework\src\Illuminate\Foundation\Http\Kernel.php(99): Illuminate\Foundation\Http\Kernel->sendRequestThroughRouter()
#22 C:\wamp\www\laravel\public\index.php(54): Illuminate\Foundation\Http\Kernel->handle()
#23 C:\wamp\www\laravel\public\index.php(0): {main}()
#24 {main}  
[2016-09-20 07:25:38] local.ERROR: exception 'Symfony\Component\Debug\Exception\FatalErrorException' with message 'syntax error, unexpected '=>' (T_DOUBLE_ARROW)' in C:\wamp\www\laravel\app\Http\routes.php:17
Stack trace:
#0 C:\wamp\www\laravel\vendor\laravel\framework\src\Illuminate\Foundation\Bootstrap\HandleExceptions.php(133): Symfony\Component\Debug\Exception\FatalErrorException->__construct()
#1 C:\wamp\www\laravel\vendor\laravel\framework\src\Illuminate\Foundation\Bootstrap\HandleExceptions.php(118): Illuminate\Foundation\Bootstrap\HandleExceptions->fatalExceptionFromError()
#2 C:\wamp\www\laravel\vendor\laravel\framework\src\Illuminate\Foundation\Bootstrap\HandleExceptions.php(0): Illuminate\Foundation\Bootstrap\HandleExceptions->handleShutdown()
#3 C:\wamp\www\laravel\vendor\laravel\framework\src\Illuminate\Routing\Router.php(398): App\Providers\RouteServiceProvider->App\Providers\{closure}()
#4 C:\wamp\www\laravel\vendor\laravel\framework\src\Illuminate\Routing\Router.php(398): call_user_func:{C:\wamp\www\laravel\vendor\laravel\framework\src\Illuminate\Routing\Router.php:398}()
#5 C:\wamp\www\laravel\app\Providers\RouteServiceProvider.php(42): Illuminate\Routing\Router->group()
#6 C:\wamp\www\laravel\vendor\laravel\framework\src\Illuminate\Container\Container.php(507): App\Providers\RouteServiceProvider->map()
#7 C:\wamp\www\laravel\vendor\laravel\framework\src\Illuminate\Container\Container.php(507): call_user_func_array:{C:\wamp\www\laravel\vendor\laravel\framework\src\Illuminate\Container\Container.php:507}()
#8 C:\wamp\www\laravel\vendor\laravel\framework\src\Illuminate\Foundation\Support\Providers\RouteServiceProvider.php(72): Illuminate\Container\Container->call()
#9 C:\wamp\www\laravel\vendor\laravel\framework\src\Illuminate\Foundation\Support\Providers\RouteServiceProvider.php(31): Illuminate\Foundation\Support\Providers\RouteServiceProvider->loadRoutes()
#10 C:\wamp\www\laravel\app\Providers\RouteServiceProvider.php(29): Illuminate\Foundation\Support\Providers\RouteServiceProvider->boot()
#11 C:\wamp\www\laravel\vendor\laravel\framework\src\Illuminate\Container\Container.php(507): App\Providers\RouteServiceProvider->boot()
#12 C:\wamp\www\laravel\vendor\laravel\framework\src\Illuminate\Container\Container.php(507): call_user_func_array:{C:\wamp\www\laravel\vendor\laravel\framework\src\Illuminate\Container\Container.php:507}()
#13 C:\wamp\www\laravel\vendor\laravel\framework\src\Illuminate\Foundation\Application.php(734): Illuminate\Container\Container->call()
#14 C:\wamp\www\laravel\vendor\laravel\framework\src\Illuminate\Foundation\Application.php(717): Illuminate\Foundation\Application->bootProvider()
#15 C:\wamp\www\laravel\vendor\laravel\framework\src\Illuminate\Foundation\Application.php(718): Illuminate\Foundation\Application->Illuminate\Foundation\{closure}()
#16 C:\wamp\www\laravel\vendor\laravel\framework\src\Illuminate\Foundation\Application.php(718): array_walk()
#17 C:\wamp\www\laravel\vendor\laravel\framework\src\Illuminate\Foundation\Bootstrap\BootProviders.php(17): Illuminate\Foundation\Application->boot()
#18 C:\wamp\www\laravel\vendor\laravel\framework\src\Illuminate\Foundation\Application.php(203): Illuminate\Foundation\Bootstrap\BootProviders->bootstrap()
#19 C:\wamp\www\laravel\vendor\laravel\framework\src\Illuminate\Foundation\Http\Kernel.php(232): Illuminate\Foundation\Application->bootstrapWith()
#20 C:\wamp\www\laravel\vendor\laravel\framework\src\Illuminate\Foundation\Http\Kernel.php(127): Illuminate\Foundation\Http\Kernel->bootstrap()
#21 C:\wamp\www\laravel\vendor\laravel\framework\src\Illuminate\Foundation\Http\Kernel.php(99): Illuminate\Foundation\Http\Kernel->sendRequestThroughRouter()
#22 C:\wamp\www\laravel\public\index.php(54): Illuminate\Foundation\Http\Kernel->handle()
#23 C:\wamp\www\laravel\public\index.php(0): {main}()
#24 {main}  
[2016-09-20 07:25:42] local.ERROR: exception 'Symfony\Component\Debug\Exception\FatalErrorException' with message 'syntax error, unexpected '=>' (T_DOUBLE_ARROW)' in C:\wamp\www\laravel\app\Http\routes.php:17
Stack trace:
#0 C:\wamp\www\laravel\vendor\laravel\framework\src\Illuminate\Foundation\Bootstrap\HandleExceptions.php(133): Symfony\Component\Debug\Exception\FatalErrorException->__construct()
#1 C:\wamp\www\laravel\vendor\laravel\framework\src\Illuminate\Foundation\Bootstrap\HandleExceptions.php(118): Illuminate\Foundation\Bootstrap\HandleExceptions->fatalExceptionFromError()
#2 C:\wamp\www\laravel\vendor\laravel\framework\src\Illuminate\Foundation\Bootstrap\HandleExceptions.php(0): Illuminate\Foundation\Bootstrap\HandleExceptions->handleShutdown()
#3 C:\wamp\www\laravel\vendor\laravel\framework\src\Illuminate\Routing\Router.php(398): App\Providers\RouteServiceProvider->App\Providers\{closure}()
#4 C:\wamp\www\laravel\vendor\laravel\framework\src\Illuminate\Routing\Router.php(398): call_user_func:{C:\wamp\www\laravel\vendor\laravel\framework\src\Illuminate\Routing\Router.php:398}()
#5 C:\wamp\www\laravel\app\Providers\RouteServiceProvider.php(42): Illuminate\Routing\Router->group()
#6 C:\wamp\www\laravel\vendor\laravel\framework\src\Illuminate\Container\Container.php(507): App\Providers\RouteServiceProvider->map()
#7 C:\wamp\www\laravel\vendor\laravel\framework\src\Illuminate\Container\Container.php(507): call_user_func_array:{C:\wamp\www\laravel\vendor\laravel\framework\src\Illuminate\Container\Container.php:507}()
#8 C:\wamp\www\laravel\vendor\laravel\framework\src\Illuminate\Foundation\Support\Providers\RouteServiceProvider.php(72): Illuminate\Container\Container->call()
#9 C:\wamp\www\laravel\vendor\laravel\framework\src\Illuminate\Foundation\Support\Providers\RouteServiceProvider.php(31): Illuminate\Foundation\Support\Providers\RouteServiceProvider->loadRoutes()
#10 C:\wamp\www\laravel\app\Providers\RouteServiceProvider.php(29): Illuminate\Foundation\Support\Providers\RouteServiceProvider->boot()
#11 C:\wamp\www\laravel\vendor\laravel\framework\src\Illuminate\Container\Container.php(507): App\Providers\RouteServiceProvider->boot()
#12 C:\wamp\www\laravel\vendor\laravel\framework\src\Illuminate\Container\Container.php(507): call_user_func_array:{C:\wamp\www\laravel\vendor\laravel\framework\src\Illuminate\Container\Container.php:507}()
#13 C:\wamp\www\laravel\vendor\laravel\framework\src\Illuminate\Foundation\Application.php(734): Illuminate\Container\Container->call()
#14 C:\wamp\www\laravel\vendor\laravel\framework\src\Illuminate\Foundation\Application.php(717): Illuminate\Foundation\Application->bootProvider()
#15 C:\wamp\www\laravel\vendor\laravel\framework\src\Illuminate\Foundation\Application.php(718): Illuminate\Foundation\Application->Illuminate\Foundation\{closure}()
#16 C:\wamp\www\laravel\vendor\laravel\framework\src\Illuminate\Foundation\Application.php(718): array_walk()
#17 C:\wamp\www\laravel\vendor\laravel\framework\src\Illuminate\Foundation\Bootstrap\BootProviders.php(17): Illuminate\Foundation\Application->boot()
#18 C:\wamp\www\laravel\vendor\laravel\framework\src\Illuminate\Foundation\Application.php(203): Illuminate\Foundation\Bootstrap\BootProviders->bootstrap()
#19 C:\wamp\www\laravel\vendor\laravel\framework\src\Illuminate\Foundation\Http\Kernel.php(232): Illuminate\Foundation\Application->bootstrapWith()
#20 C:\wamp\www\laravel\vendor\laravel\framework\src\Illuminate\Foundation\Http\Kernel.php(127): Illuminate\Foundation\Http\Kernel->bootstrap()
#21 C:\wamp\www\laravel\vendor\laravel\framework\src\Illuminate\Foundation\Http\Kernel.php(99): Illuminate\Foundation\Http\Kernel->sendRequestThroughRouter()
#22 C:\wamp\www\laravel\public\index.php(54): Illuminate\Foundation\Http\Kernel->handle()
#23 C:\wamp\www\laravel\public\index.php(0): {main}()
#24 {main}  
[2016-09-20 07:25:45] local.ERROR: exception 'Symfony\Component\Debug\Exception\FatalErrorException' with message 'syntax error, unexpected '=>' (T_DOUBLE_ARROW)' in C:\wamp\www\laravel\app\Http\routes.php:17
Stack trace:
#0 C:\wamp\www\laravel\vendor\laravel\framework\src\Illuminate\Foundation\Bootstrap\HandleExceptions.php(133): Symfony\Component\Debug\Exception\FatalErrorException->__construct()
#1 C:\wamp\www\laravel\vendor\laravel\framework\src\Illuminate\Foundation\Bootstrap\HandleExceptions.php(118): Illuminate\Foundation\Bootstrap\HandleExceptions->fatalExceptionFromError()
#2 C:\wamp\www\laravel\vendor\laravel\framework\src\Illuminate\Foundation\Bootstrap\HandleExceptions.php(0): Illuminate\Foundation\Bootstrap\HandleExceptions->handleShutdown()
#3 C:\wamp\www\laravel\vendor\laravel\framework\src\Illuminate\Routing\Router.php(398): App\Providers\RouteServiceProvider->App\Providers\{closure}()
#4 C:\wamp\www\laravel\vendor\laravel\framework\src\Illuminate\Routing\Router.php(398): call_user_func:{C:\wamp\www\laravel\vendor\laravel\framework\src\Illuminate\Routing\Router.php:398}()
#5 C:\wamp\www\laravel\app\Providers\RouteServiceProvider.php(42): Illuminate\Routing\Router->group()
#6 C:\wamp\www\laravel\vendor\laravel\framework\src\Illuminate\Container\Container.php(507): App\Providers\RouteServiceProvider->map()
#7 C:\wamp\www\laravel\vendor\laravel\framework\src\Illuminate\Container\Container.php(507): call_user_func_array:{C:\wamp\www\laravel\vendor\laravel\framework\src\Illuminate\Container\Container.php:507}()
#8 C:\wamp\www\laravel\vendor\laravel\framework\src\Illuminate\Foundation\Support\Providers\RouteServiceProvider.php(72): Illuminate\Container\Container->call()
#9 C:\wamp\www\laravel\vendor\laravel\framework\src\Illuminate\Foundation\Support\Providers\RouteServiceProvider.php(31): Illuminate\Foundation\Support\Providers\RouteServiceProvider->loadRoutes()
#10 C:\wamp\www\laravel\app\Providers\RouteServiceProvider.php(29): Illuminate\Foundation\Support\Providers\RouteServiceProvider->boot()
#11 C:\wamp\www\laravel\vendor\laravel\framework\src\Illuminate\Container\Container.php(507): App\Providers\RouteServiceProvider->boot()
#12 C:\wamp\www\laravel\vendor\laravel\framework\src\Illuminate\Container\Container.php(507): call_user_func_array:{C:\wamp\www\laravel\vendor\laravel\framework\src\Illuminate\Container\Container.php:507}()
#13 C:\wamp\www\laravel\vendor\laravel\framework\src\Illuminate\Foundation\Application.php(734): Illuminate\Container\Container->call()
#14 C:\wamp\www\laravel\vendor\laravel\framework\src\Illuminate\Foundation\Application.php(717): Illuminate\Foundation\Application->bootProvider()
#15 C:\wamp\www\laravel\vendor\laravel\framework\src\Illuminate\Foundation\Application.php(718): Illuminate\Foundation\Application->Illuminate\Foundation\{closure}()
#16 C:\wamp\www\laravel\vendor\laravel\framework\src\Illuminate\Foundation\Application.php(718): array_walk()
#17 C:\wamp\www\laravel\vendor\laravel\framework\src\Illuminate\Foundation\Bootstrap\BootProviders.php(17): Illuminate\Foundation\Application->boot()
#18 C:\wamp\www\laravel\vendor\laravel\framework\src\Illuminate\Foundation\Application.php(203): Illuminate\Foundation\Bootstrap\BootProviders->bootstrap()
#19 C:\wamp\www\laravel\vendor\laravel\framework\src\Illuminate\Foundation\Http\Kernel.php(232): Illuminate\Foundation\Application->bootstrapWith()
#20 C:\wamp\www\laravel\vendor\laravel\framework\src\Illuminate\Foundation\Http\Kernel.php(127): Illuminate\Foundation\Http\Kernel->bootstrap()
#21 C:\wamp\www\laravel\vendor\laravel\framework\src\Illuminate\Foundation\Http\Kernel.php(99): Illuminate\Foundation\Http\Kernel->sendRequestThroughRouter()
#22 C:\wamp\www\laravel\public\index.php(54): Illuminate\Foundation\Http\Kernel->handle()
#23 C:\wamp\www\laravel\public\index.php(0): {main}()
#24 {main}  
[2016-09-20 07:25:49] local.ERROR: exception 'Symfony\Component\Debug\Exception\FatalErrorException' with message 'syntax error, unexpected '=>' (T_DOUBLE_ARROW)' in C:\wamp\www\laravel\app\Http\routes.php:17
Stack trace:
#0 C:\wamp\www\laravel\vendor\laravel\framework\src\Illuminate\Foundation\Bootstrap\HandleExceptions.php(133): Symfony\Component\Debug\Exception\FatalErrorException->__construct()
#1 C:\wamp\www\laravel\vendor\laravel\framework\src\Illuminate\Foundation\Bootstrap\HandleExceptions.php(118): Illuminate\Foundation\Bootstrap\HandleExceptions->fatalExceptionFromError()
#2 C:\wamp\www\laravel\vendor\laravel\framework\src\Illuminate\Foundation\Bootstrap\HandleExceptions.php(0): Illuminate\Foundation\Bootstrap\HandleExceptions->handleShutdown()
#3 C:\wamp\www\laravel\vendor\laravel\framework\src\Illuminate\Routing\Router.php(398): App\Providers\RouteServiceProvider->App\Providers\{closure}()
#4 C:\wamp\www\laravel\vendor\laravel\framework\src\Illuminate\Routing\Router.php(398): call_user_func:{C:\wamp\www\laravel\vendor\laravel\framework\src\Illuminate\Routing\Router.php:398}()
#5 C:\wamp\www\laravel\app\Providers\RouteServiceProvider.php(42): Illuminate\Routing\Router->group()
#6 C:\wamp\www\laravel\vendor\laravel\framework\src\Illuminate\Container\Container.php(507): App\Providers\RouteServiceProvider->map()
#7 C:\wamp\www\laravel\vendor\laravel\framework\src\Illuminate\Container\Container.php(507): call_user_func_array:{C:\wamp\www\laravel\vendor\laravel\framework\src\Illuminate\Container\Container.php:507}()
#8 C:\wamp\www\laravel\vendor\laravel\framework\src\Illuminate\Foundation\Support\Providers\RouteServiceProvider.php(72): Illuminate\Container\Container->call()
#9 C:\wamp\www\laravel\vendor\laravel\framework\src\Illuminate\Foundation\Support\Providers\RouteServiceProvider.php(31): Illuminate\Foundation\Support\Providers\RouteServiceProvider->loadRoutes()
#10 C:\wamp\www\laravel\app\Providers\RouteServiceProvider.php(29): Illuminate\Foundation\Support\Providers\RouteServiceProvider->boot()
#11 C:\wamp\www\laravel\vendor\laravel\framework\src\Illuminate\Container\Container.php(507): App\Providers\RouteServiceProvider->boot()
#12 C:\wamp\www\laravel\vendor\laravel\framework\src\Illuminate\Container\Container.php(507): call_user_func_array:{C:\wamp\www\laravel\vendor\laravel\framework\src\Illuminate\Container\Container.php:507}()
#13 C:\wamp\www\laravel\vendor\laravel\framework\src\Illuminate\Foundation\Application.php(734): Illuminate\Container\Container->call()
#14 C:\wamp\www\laravel\vendor\laravel\framework\src\Illuminate\Foundation\Application.php(717): Illuminate\Foundation\Application->bootProvider()
#15 C:\wamp\www\laravel\vendor\laravel\framework\src\Illuminate\Foundation\Application.php(718): Illuminate\Foundation\Application->Illuminate\Foundation\{closure}()
#16 C:\wamp\www\laravel\vendor\laravel\framework\src\Illuminate\Foundation\Application.php(718): array_walk()
#17 C:\wamp\www\laravel\vendor\laravel\framework\src\Illuminate\Foundation\Bootstrap\BootProviders.php(17): Illuminate\Foundation\Application->boot()
#18 C:\wamp\www\laravel\vendor\laravel\framework\src\Illuminate\Foundation\Application.php(203): Illuminate\Foundation\Bootstrap\BootProviders->bootstrap()
#19 C:\wamp\www\laravel\vendor\laravel\framework\src\Illuminate\Foundation\Http\Kernel.php(232): Illuminate\Foundation\Application->bootstrapWith()
#20 C:\wamp\www\laravel\vendor\laravel\framework\src\Illuminate\Foundation\Http\Kernel.php(127): Illuminate\Foundation\Http\Kernel->bootstrap()
#21 C:\wamp\www\laravel\vendor\laravel\framework\src\Illuminate\Foundation\Http\Kernel.php(99): Illuminate\Foundation\Http\Kernel->sendRequestThroughRouter()
#22 C:\wamp\www\laravel\public\index.php(54): Illuminate\Foundation\Http\Kernel->handle()
#23 C:\wamp\www\laravel\public\index.php(0): {main}()
#24 {main}  
[2016-09-20 07:39:58] local.ERROR: exception 'PDOException' with message 'SQLSTATE[42000]: Syntax error or access violation: 1064 You have an error in your SQL syntax; check the manual that corresponds to your MySQL server version for the right syntax to use near 'where id = ?' at line 1' in C:\wamp\www\laravel\vendor\laravel\framework\src\Illuminate\Database\Connection.php:429
Stack trace:
#0 C:\wamp\www\laravel\vendor\laravel\framework\src\Illuminate\Database\Connection.php(429): PDO->prepare('delete student ...')
#1 C:\wamp\www\laravel\vendor\laravel\framework\src\Illuminate\Database\Connection.php(662): Illuminate\Database\Connection->Illuminate\Database\{closure}(Object(Illuminate\Database\MySqlConnection), 'delete student ...', Array)
#2 C:\wamp\www\laravel\vendor\laravel\framework\src\Illuminate\Database\Connection.php(629): Illuminate\Database\Connection->runQueryCallback('delete student ...', Array, Object(Closure))
#3 C:\wamp\www\laravel\vendor\laravel\framework\src\Illuminate\Database\Connection.php(434): Illuminate\Database\Connection->run('delete student ...', Array, Object(Closure))
#4 C:\wamp\www\laravel\vendor\laravel\framework\src\Illuminate\Database\Connection.php(389): Illuminate\Database\Connection->affectingStatement('delete student ...', Array)
#5 [internal function]: Illuminate\Database\Connection->delete('delete student ...', Array)
#6 C:\wamp\www\laravel\vendor\laravel\framework\src\Illuminate\Database\DatabaseManager.php(317): call_user_func_array(Array, Array)
#7 C:\wamp\www\laravel\vendor\laravel\framework\src\Illuminate\Support\Facades\Facade.php(221): Illuminate\Database\DatabaseManager->__call('delete', Array)
#8 C:\wamp\www\laravel\vendor\laravel\framework\src\Illuminate\Support\Facades\Facade.php(221): Illuminate\Database\DatabaseManager->delete('delete student ...', Array)
#9 C:\wamp\www\laravel\app\Http\Controllers\StudentController.php(18): Illuminate\Support\Facades\Facade::__callStatic('delete', Array)
#10 C:\wamp\www\laravel\app\Http\Controllers\StudentController.php(18): Illuminate\Support\Facades\DB::delete('delete student ...', Array)
#11 [internal function]: App\Http\Controllers\StudentController->test('ytf')
#12 C:\wamp\www\laravel\vendor\laravel\framework\src\Illuminate\Routing\Controller.php(78): call_user_func_array(Array, Array)
#13 C:\wamp\www\laravel\vendor\laravel\framework\src\Illuminate\Routing\ControllerDispatcher.php(146): Illuminate\Routing\Controller->callAction('test', Array)
#14 C:\wamp\www\laravel\vendor\laravel\framework\src\Illuminate\Routing\ControllerDispatcher.php(94): Illuminate\Routing\ControllerDispatcher->call(Object(App\Http\Controllers\StudentController), Object(Illuminate\Routing\Route), 'test')
#15 [internal function]: Illuminate\Routing\ControllerDispatcher->Illuminate\Routing\{closure}(Object(Illuminate\Http\Request))
#16 C:\wamp\www\laravel\vendor\laravel\framework\src\Illuminate\Routing\Pipeline.php(52): call_user_func(Object(Closure), Object(Illuminate\Http\Request))
#17 [internal function]: Illuminate\Routing\Pipeline->Illuminate\Routing\{closure}(Object(Illuminate\Http\Request))
#18 C:\wamp\www\laravel\vendor\laravel\framework\src\Illuminate\Pipeline\Pipeline.php(103): call_user_func(Object(Closure), Object(Illuminate\Http\Request))
#19 C:\wamp\www\laravel\vendor\laravel\framework\src\Illuminate\Routing\ControllerDispatcher.php(96): Illuminate\Pipeline\Pipeline->then(Object(Closure))
#20 C:\wamp\www\laravel\vendor\laravel\framework\src\Illuminate\Routing\ControllerDispatcher.php(54): Illuminate\Routing\ControllerDispatcher->callWithinStack(Object(App\Http\Controllers\StudentController), Object(Illuminate\Routing\Route), Object(Illuminate\Http\Request), 'test')
#21 C:\wamp\www\laravel\vendor\laravel\framework\src\Illuminate\Routing\Route.php(174): Illuminate\Routing\ControllerDispatcher->dispatch(Object(Illuminate\Routing\Route), Object(Illuminate\Http\Request), 'App\\Http\\Contro...', 'test')
#22 C:\wamp\www\laravel\vendor\laravel\framework\src\Illuminate\Routing\Route.php(140): Illuminate\Routing\Route->runController(Object(Illuminate\Http\Request))
#23 C:\wamp\www\laravel\vendor\laravel\framework\src\Illuminate\Routing\Router.php(724): Illuminate\Routing\Route->run(Object(Illuminate\Http\Request))
#24 [internal function]: Illuminate\Routing\Router->Illuminate\Routing\{closure}(Object(Illuminate\Http\Request))
#25 C:\wamp\www\laravel\vendor\laravel\framework\src\Illuminate\Routing\Pipeline.php(52): call_user_func(Object(Closure), Object(Illuminate\Http\Request))
#26 [internal function]: Illuminate\Routing\Pipeline->Illuminate\Routing\{closure}(Object(Illuminate\Http\Request))
#27 C:\wamp\www\laravel\vendor\laravel\framework\src\Illuminate\Pipeline\Pipeline.php(103): call_user_func(Object(Closure), Object(Illuminate\Http\Request))
#28 C:\wamp\www\laravel\vendor\laravel\framework\src\Illuminate\Routing\Router.php(726): Illuminate\Pipeline\Pipeline->then(Object(Closure))
#29 C:\wamp\www\laravel\vendor\laravel\framework\src\Illuminate\Routing\Router.php(699): Illuminate\Routing\Router->runRouteWithinStack(Object(Illuminate\Routing\Route), Object(Illuminate\Http\Request))
#30 C:\wamp\www\laravel\vendor\laravel\framework\src\Illuminate\Routing\Router.php(675): Illuminate\Routing\Router->dispatchToRoute(Object(Illuminate\Http\Request))
#31 C:\wamp\www\laravel\vendor\laravel\framework\src\Illuminate\Foundation\Http\Kernel.php(246): Illuminate\Routing\Router->dispatch(Object(Illuminate\Http\Request))
#32 [internal function]: Illuminate\Foundation\Http\Kernel->Illuminate\Foundation\Http\{closure}(Object(Illuminate\Http\Request))
#33 C:\wamp\www\laravel\vendor\laravel\framework\src\Illuminate\Routing\Pipeline.php(52): call_user_func(Object(Closure), Object(Illuminate\Http\Request))
#34 C:\wamp\www\laravel\vendor\laravel\framework\src\Illuminate\Foundation\Http\Middleware\CheckForMaintenanceMode.php(44): Illuminate\Routing\Pipeline->Illuminate\Routing\{closure}(Object(Illuminate\Http\Request))
#35 [internal function]: Illuminate\Foundation\Http\Middleware\CheckForMaintenanceMode->handle(Object(Illuminate\Http\Request), Object(Closure))
#36 C:\wamp\www\laravel\vendor\laravel\framework\src\Illuminate\Pipeline\Pipeline.php(124): call_user_func_array(Array, Array)
#37 [internal function]: Illuminate\Pipeline\Pipeline->Illuminate\Pipeline\{closure}(Object(Illuminate\Http\Request))
#38 C:\wamp\www\laravel\vendor\laravel\framework\src\Illuminate\Routing\Pipeline.php(32): call_user_func(Object(Closure), Object(Illuminate\Http\Request))
#39 [internal function]: Illuminate\Routing\Pipeline->Illuminate\Routing\{closure}(Object(Illuminate\Http\Request))
#40 C:\wamp\www\laravel\vendor\laravel\framework\src\Illuminate\Pipeline\Pipeline.php(103): call_user_func(Object(Closure), Object(Illuminate\Http\Request))
#41 C:\wamp\www\laravel\vendor\laravel\framework\src\Illuminate\Foundation\Http\Kernel.php(132): Illuminate\Pipeline\Pipeline->then(Object(Closure))
#42 C:\wamp\www\laravel\vendor\laravel\framework\src\Illuminate\Foundation\Http\Kernel.php(99): Illuminate\Foundation\Http\Kernel->sendRequestThroughRouter(Object(Illuminate\Http\Request))
#43 C:\wamp\www\laravel\public\index.php(54): Illuminate\Foundation\Http\Kernel->handle(Object(Illuminate\Http\Request))
#44 {main}

Next exception 'Illuminate\Database\QueryException' with message 'SQLSTATE[42000]: Syntax error or access violation: 1064 You have an error in your SQL syntax; check the manual that corresponds to your MySQL server version for the right syntax to use near 'where id = ?' at line 1 (SQL: delete student where id = 1)' in C:\wamp\www\laravel\vendor\laravel\framework\src\Illuminate\Database\Connection.php:669
Stack trace:
#0 C:\wamp\www\laravel\vendor\laravel\framework\src\Illuminate\Database\Connection.php(629): Illuminate\Database\Connection->runQueryCallback('delete student ...', Array, Object(Closure))
#1 C:\wamp\www\laravel\vendor\laravel\framework\src\Illuminate\Database\Connection.php(434): Illuminate\Database\Connection->run('delete student ...', Array, Object(Closure))
#2 C:\wamp\www\laravel\vendor\laravel\framework\src\Illuminate\Database\Connection.php(389): Illuminate\Database\Connection->affectingStatement('delete student ...', Array)
#3 [internal function]: Illuminate\Database\Connection->delete('delete student ...', Array)
#4 C:\wamp\www\laravel\vendor\laravel\framework\src\Illuminate\Database\DatabaseManager.php(317): call_user_func_array(Array, Array)
#5 C:\wamp\www\laravel\vendor\laravel\framework\src\Illuminate\Support\Facades\Facade.php(221): Illuminate\Database\DatabaseManager->__call('delete', Array)
#6 C:\wamp\www\laravel\vendor\laravel\framework\src\Illuminate\Support\Facades\Facade.php(221): Illuminate\Database\DatabaseManager->delete('delete student ...', Array)
#7 C:\wamp\www\laravel\app\Http\Controllers\StudentController.php(18): Illuminate\Support\Facades\Facade::__callStatic('delete', Array)
#8 C:\wamp\www\laravel\app\Http\Controllers\StudentController.php(18): Illuminate\Support\Facades\DB::delete('delete student ...', Array)
#9 [internal function]: App\Http\Controllers\StudentController->test('ytf')
#10 C:\wamp\www\laravel\vendor\laravel\framework\src\Illuminate\Routing\Controller.php(78): call_user_func_array(Array, Array)
#11 C:\wamp\www\laravel\vendor\laravel\framework\src\Illuminate\Routing\ControllerDispatcher.php(146): Illuminate\Routing\Controller->callAction('test', Array)
#12 C:\wamp\www\laravel\vendor\laravel\framework\src\Illuminate\Routing\ControllerDispatcher.php(94): Illuminate\Routing\ControllerDispatcher->call(Object(App\Http\Controllers\StudentController), Object(Illuminate\Routing\Route), 'test')
#13 [internal function]: Illuminate\Routing\ControllerDispatcher->Illuminate\Routing\{closure}(Object(Illuminate\Http\Request))
#14 C:\wamp\www\laravel\vendor\laravel\framework\src\Illuminate\Routing\Pipeline.php(52): call_user_func(Object(Closure), Object(Illuminate\Http\Request))
#15 [internal function]: Illuminate\Routing\Pipeline->Illuminate\Routing\{closure}(Object(Illuminate\Http\Request))
#16 C:\wamp\www\laravel\vendor\laravel\framework\src\Illuminate\Pipeline\Pipeline.php(103): call_user_func(Object(Closure), Object(Illuminate\Http\Request))
#17 C:\wamp\www\laravel\vendor\laravel\framework\src\Illuminate\Routing\ControllerDispatcher.php(96): Illuminate\Pipeline\Pipeline->then(Object(Closure))
#18 C:\wamp\www\laravel\vendor\laravel\framework\src\Illuminate\Routing\ControllerDispatcher.php(54): Illuminate\Routing\ControllerDispatcher->callWithinStack(Object(App\Http\Controllers\StudentController), Object(Illuminate\Routing\Route), Object(Illuminate\Http\Request), 'test')
#19 C:\wamp\www\laravel\vendor\laravel\framework\src\Illuminate\Routing\Route.php(174): Illuminate\Routing\ControllerDispatcher->dispatch(Object(Illuminate\Routing\Route), Object(Illuminate\Http\Request), 'App\\Http\\Contro...', 'test')
#20 C:\wamp\www\laravel\vendor\laravel\framework\src\Illuminate\Routing\Route.php(140): Illuminate\Routing\Route->runController(Object(Illuminate\Http\Request))
#21 C:\wamp\www\laravel\vendor\laravel\framework\src\Illuminate\Routing\Router.php(724): Illuminate\Routing\Route->run(Object(Illuminate\Http\Request))
#22 [internal function]: Illuminate\Routing\Router->Illuminate\Routing\{closure}(Object(Illuminate\Http\Request))
#23 C:\wamp\www\laravel\vendor\laravel\framework\src\Illuminate\Routing\Pipeline.php(52): call_user_func(Object(Closure), Object(Illuminate\Http\Request))
#24 [internal function]: Illuminate\Routing\Pipeline->Illuminate\Routing\{closure}(Object(Illuminate\Http\Request))
#25 C:\wamp\www\laravel\vendor\laravel\framework\src\Illuminate\Pipeline\Pipeline.php(103): call_user_func(Object(Closure), Object(Illuminate\Http\Request))
#26 C:\wamp\www\laravel\vendor\laravel\framework\src\Illuminate\Routing\Router.php(726): Illuminate\Pipeline\Pipeline->then(Object(Closure))
#27 C:\wamp\www\laravel\vendor\laravel\framework\src\Illuminate\Routing\Router.php(699): Illuminate\Routing\Router->runRouteWithinStack(Object(Illuminate\Routing\Route), Object(Illuminate\Http\Request))
#28 C:\wamp\www\laravel\vendor\laravel\framework\src\Illuminate\Routing\Router.php(675): Illuminate\Routing\Router->dispatchToRoute(Object(Illuminate\Http\Request))
#29 C:\wamp\www\laravel\vendor\laravel\framework\src\Illuminate\Foundation\Http\Kernel.php(246): Illuminate\Routing\Router->dispatch(Object(Illuminate\Http\Request))
#30 [internal function]: Illuminate\Foundation\Http\Kernel->Illuminate\Foundation\Http\{closure}(Object(Illuminate\Http\Request))
#31 C:\wamp\www\laravel\vendor\laravel\framework\src\Illuminate\Routing\Pipeline.php(52): call_user_func(Object(Closure), Object(Illuminate\Http\Request))
#32 C:\wamp\www\laravel\vendor\laravel\framework\src\Illuminate\Foundation\Http\Middleware\CheckForMaintenanceMode.php(44): Illuminate\Routing\Pipeline->Illuminate\Routing\{closure}(Object(Illuminate\Http\Request))
#33 [internal function]: Illuminate\Foundation\Http\Middleware\CheckForMaintenanceMode->handle(Object(Illuminate\Http\Request), Object(Closure))
#34 C:\wamp\www\laravel\vendor\laravel\framework\src\Illuminate\Pipeline\Pipeline.php(124): call_user_func_array(Array, Array)
#35 [internal function]: Illuminate\Pipeline\Pipeline->Illuminate\Pipeline\{closure}(Object(Illuminate\Http\Request))
#36 C:\wamp\www\laravel\vendor\laravel\framework\src\Illuminate\Routing\Pipeline.php(32): call_user_func(Object(Closure), Object(Illuminate\Http\Request))
#37 [internal function]: Illuminate\Routing\Pipeline->Illuminate\Routing\{closure}(Object(Illuminate\Http\Request))
#38 C:\wamp\www\laravel\vendor\laravel\framework\src\Illuminate\Pipeline\Pipeline.php(103): call_user_func(Object(Closure), Object(Illuminate\Http\Request))
#39 C:\wamp\www\laravel\vendor\laravel\framework\src\Illuminate\Foundation\Http\Kernel.php(132): Illuminate\Pipeline\Pipeline->then(Object(Closure))
#40 C:\wamp\www\laravel\vendor\laravel\framework\src\Illuminate\Foundation\Http\Kernel.php(99): Illuminate\Foundation\Http\Kernel->sendRequestThroughRouter(Object(Illuminate\Http\Request))
#41 C:\wamp\www\laravel\public\index.php(54): Illuminate\Foundation\Http\Kernel->handle(Object(Illuminate\Http\Request))
#42 {main}  
[2016-09-20 07:44:45] local.ERROR: exception 'PDOException' with message 'SQLSTATE[42S02]: Base table or view not found: 1146 Table 'laravel.table' doesn't exist' in C:\wamp\www\laravel\vendor\laravel\framework\src\Illuminate\Database\Connection.php:408
Stack trace:
#0 C:\wamp\www\laravel\vendor\laravel\framework\src\Illuminate\Database\Connection.php(408): PDO->prepare('insert into `ta...')
#1 C:\wamp\www\laravel\vendor\laravel\framework\src\Illuminate\Database\Connection.php(662): Illuminate\Database\Connection->Illuminate\Database\{closure}(Object(Illuminate\Database\MySqlConnection), 'insert into `ta...', Array)
#2 C:\wamp\www\laravel\vendor\laravel\framework\src\Illuminate\Database\Connection.php(629): Illuminate\Database\Connection->runQueryCallback('insert into `ta...', Array, Object(Closure))
#3 C:\wamp\www\laravel\vendor\laravel\framework\src\Illuminate\Database\Connection.php(409): Illuminate\Database\Connection->run('insert into `ta...', Array, Object(Closure))
#4 C:\wamp\www\laravel\vendor\laravel\framework\src\Illuminate\Database\Connection.php(365): Illuminate\Database\Connection->statement('insert into `ta...', Array)
#5 C:\wamp\www\laravel\vendor\laravel\framework\src\Illuminate\Database\Query\Builder.php(1873): Illuminate\Database\Connection->insert('insert into `ta...', Array)
#6 C:\wamp\www\laravel\app\Http\Controllers\StudentController.php(27): Illuminate\Database\Query\Builder->insert(Array)
#7 [internal function]: App\Http\Controllers\StudentController->query()
#8 C:\wamp\www\laravel\vendor\laravel\framework\src\Illuminate\Routing\Controller.php(78): call_user_func_array(Array, Array)
#9 C:\wamp\www\laravel\vendor\laravel\framework\src\Illuminate\Routing\ControllerDispatcher.php(146): Illuminate\Routing\Controller->callAction('query', Array)
#10 C:\wamp\www\laravel\vendor\laravel\framework\src\Illuminate\Routing\ControllerDispatcher.php(94): Illuminate\Routing\ControllerDispatcher->call(Object(App\Http\Controllers\StudentController), Object(Illuminate\Routing\Route), 'query')
#11 [internal function]: Illuminate\Routing\ControllerDispatcher->Illuminate\Routing\{closure}(Object(Illuminate\Http\Request))
#12 C:\wamp\www\laravel\vendor\laravel\framework\src\Illuminate\Routing\Pipeline.php(52): call_user_func(Object(Closure), Object(Illuminate\Http\Request))
#13 [internal function]: Illuminate\Routing\Pipeline->Illuminate\Routing\{closure}(Object(Illuminate\Http\Request))
#14 C:\wamp\www\laravel\vendor\laravel\framework\src\Illuminate\Pipeline\Pipeline.php(103): call_user_func(Object(Closure), Object(Illuminate\Http\Request))
#15 C:\wamp\www\laravel\vendor\laravel\framework\src\Illuminate\Routing\ControllerDispatcher.php(96): Illuminate\Pipeline\Pipeline->then(Object(Closure))
#16 C:\wamp\www\laravel\vendor\laravel\framework\src\Illuminate\Routing\ControllerDispatcher.php(54): Illuminate\Routing\ControllerDispatcher->callWithinStack(Object(App\Http\Controllers\StudentController), Object(Illuminate\Routing\Route), Object(Illuminate\Http\Request), 'query')
#17 C:\wamp\www\laravel\vendor\laravel\framework\src\Illuminate\Routing\Route.php(174): Illuminate\Routing\ControllerDispatcher->dispatch(Object(Illuminate\Routing\Route), Object(Illuminate\Http\Request), 'App\\Http\\Contro...', 'query')
#18 C:\wamp\www\laravel\vendor\laravel\framework\src\Illuminate\Routing\Route.php(140): Illuminate\Routing\Route->runController(Object(Illuminate\Http\Request))
#19 C:\wamp\www\laravel\vendor\laravel\framework\src\Illuminate\Routing\Router.php(724): Illuminate\Routing\Route->run(Object(Illuminate\Http\Request))
#20 [internal function]: Illuminate\Routing\Router->Illuminate\Routing\{closure}(Object(Illuminate\Http\Request))
#21 C:\wamp\www\laravel\vendor\laravel\framework\src\Illuminate\Routing\Pipeline.php(52): call_user_func(Object(Closure), Object(Illuminate\Http\Request))
#22 [internal function]: Illuminate\Routing\Pipeline->Illuminate\Routing\{closure}(Object(Illuminate\Http\Request))
#23 C:\wamp\www\laravel\vendor\laravel\framework\src\Illuminate\Pipeline\Pipeline.php(103): call_user_func(Object(Closure), Object(Illuminate\Http\Request))
#24 C:\wamp\www\laravel\vendor\laravel\framework\src\Illuminate\Routing\Router.php(726): Illuminate\Pipeline\Pipeline->then(Object(Closure))
#25 C:\wamp\www\laravel\vendor\laravel\framework\src\Illuminate\Routing\Router.php(699): Illuminate\Routing\Router->runRouteWithinStack(Object(Illuminate\Routing\Route), Object(Illuminate\Http\Request))
#26 C:\wamp\www\laravel\vendor\laravel\framework\src\Illuminate\Routing\Router.php(675): Illuminate\Routing\Router->dispatchToRoute(Object(Illuminate\Http\Request))
#27 C:\wamp\www\laravel\vendor\laravel\framework\src\Illuminate\Foundation\Http\Kernel.php(246): Illuminate\Routing\Router->dispatch(Object(Illuminate\Http\Request))
#28 [internal function]: Illuminate\Foundation\Http\Kernel->Illuminate\Foundation\Http\{closure}(Object(Illuminate\Http\Request))
#29 C:\wamp\www\laravel\vendor\laravel\framework\src\Illuminate\Routing\Pipeline.php(52): call_user_func(Object(Closure), Object(Illuminate\Http\Request))
#30 C:\wamp\www\laravel\vendor\laravel\framework\src\Illuminate\Foundation\Http\Middleware\CheckForMaintenanceMode.php(44): Illuminate\Routing\Pipeline->Illuminate\Routing\{closure}(Object(Illuminate\Http\Request))
#31 [internal function]: Illuminate\Foundation\Http\Middleware\CheckForMaintenanceMode->handle(Object(Illuminate\Http\Request), Object(Closure))
#32 C:\wamp\www\laravel\vendor\laravel\framework\src\Illuminate\Pipeline\Pipeline.php(124): call_user_func_array(Array, Array)
#33 [internal function]: Illuminate\Pipeline\Pipeline->Illuminate\Pipeline\{closure}(Object(Illuminate\Http\Request))
#34 C:\wamp\www\laravel\vendor\laravel\framework\src\Illuminate\Routing\Pipeline.php(32): call_user_func(Object(Closure), Object(Illuminate\Http\Request))
#35 [internal function]: Illuminate\Routing\Pipeline->Illuminate\Routing\{closure}(Object(Illuminate\Http\Request))
#36 C:\wamp\www\laravel\vendor\laravel\framework\src\Illuminate\Pipeline\Pipeline.php(103): call_user_func(Object(Closure), Object(Illuminate\Http\Request))
#37 C:\wamp\www\laravel\vendor\laravel\framework\src\Illuminate\Foundation\Http\Kernel.php(132): Illuminate\Pipeline\Pipeline->then(Object(Closure))
#38 C:\wamp\www\laravel\vendor\laravel\framework\src\Illuminate\Foundation\Http\Kernel.php(99): Illuminate\Foundation\Http\Kernel->sendRequestThroughRouter(Object(Illuminate\Http\Request))
#39 C:\wamp\www\laravel\public\index.php(54): Illuminate\Foundation\Http\Kernel->handle(Object(Illuminate\Http\Request))
#40 {main}

Next exception 'Illuminate\Database\QueryException' with message 'SQLSTATE[42S02]: Base table or view not found: 1146 Table 'laravel.table' doesn't exist (SQL: insert into `table` (`name`, `age`) values (liuwen, 222))' in C:\wamp\www\laravel\vendor\laravel\framework\src\Illuminate\Database\Connection.php:669
Stack trace:
#0 C:\wamp\www\laravel\vendor\laravel\framework\src\Illuminate\Database\Connection.php(629): Illuminate\Database\Connection->runQueryCallback('insert into `ta...', Array, Object(Closure))
#1 C:\wamp\www\laravel\vendor\laravel\framework\src\Illuminate\Database\Connection.php(409): Illuminate\Database\Connection->run('insert into `ta...', Array, Object(Closure))
#2 C:\wamp\www\laravel\vendor\laravel\framework\src\Illuminate\Database\Connection.php(365): Illuminate\Database\Connection->statement('insert into `ta...', Array)
#3 C:\wamp\www\laravel\vendor\laravel\framework\src\Illuminate\Database\Query\Builder.php(1873): Illuminate\Database\Connection->insert('insert into `ta...', Array)
#4 C:\wamp\www\laravel\app\Http\Controllers\StudentController.php(27): Illuminate\Database\Query\Builder->insert(Array)
#5 [internal function]: App\Http\Controllers\StudentController->query()
#6 C:\wamp\www\laravel\vendor\laravel\framework\src\Illuminate\Routing\Controller.php(78): call_user_func_array(Array, Array)
#7 C:\wamp\www\laravel\vendor\laravel\framework\src\Illuminate\Routing\ControllerDispatcher.php(146): Illuminate\Routing\Controller->callAction('query', Array)
#8 C:\wamp\www\laravel\vendor\laravel\framework\src\Illuminate\Routing\ControllerDispatcher.php(94): Illuminate\Routing\ControllerDispatcher->call(Object(App\Http\Controllers\StudentController), Object(Illuminate\Routing\Route), 'query')
#9 [internal function]: Illuminate\Routing\ControllerDispatcher->Illuminate\Routing\{closure}(Object(Illuminate\Http\Request))
#10 C:\wamp\www\laravel\vendor\laravel\framework\src\Illuminate\Routing\Pipeline.php(52): call_user_func(Object(Closure), Object(Illuminate\Http\Request))
#11 [internal function]: Illuminate\Routing\Pipeline->Illuminate\Routing\{closure}(Object(Illuminate\Http\Request))
#12 C:\wamp\www\laravel\vendor\laravel\framework\src\Illuminate\Pipeline\Pipeline.php(103): call_user_func(Object(Closure), Object(Illuminate\Http\Request))
#13 C:\wamp\www\laravel\vendor\laravel\framework\src\Illuminate\Routing\ControllerDispatcher.php(96): Illuminate\Pipeline\Pipeline->then(Object(Closure))
#14 C:\wamp\www\laravel\vendor\laravel\framework\src\Illuminate\Routing\ControllerDispatcher.php(54): Illuminate\Routing\ControllerDispatcher->callWithinStack(Object(App\Http\Controllers\StudentController), Object(Illuminate\Routing\Route), Object(Illuminate\Http\Request), 'query')
#15 C:\wamp\www\laravel\vendor\laravel\framework\src\Illuminate\Routing\Route.php(174): Illuminate\Routing\ControllerDispatcher->dispatch(Object(Illuminate\Routing\Route), Object(Illuminate\Http\Request), 'App\\Http\\Contro...', 'query')
#16 C:\wamp\www\laravel\vendor\laravel\framework\src\Illuminate\Routing\Route.php(140): Illuminate\Routing\Route->runController(Object(Illuminate\Http\Request))
#17 C:\wamp\www\laravel\vendor\laravel\framework\src\Illuminate\Routing\Router.php(724): Illuminate\Routing\Route->run(Object(Illuminate\Http\Request))
#18 [internal function]: Illuminate\Routing\Router->Illuminate\Routing\{closure}(Object(Illuminate\Http\Request))
#19 C:\wamp\www\laravel\vendor\laravel\framework\src\Illuminate\Routing\Pipeline.php(52): call_user_func(Object(Closure), Object(Illuminate\Http\Request))
#20 [internal function]: Illuminate\Routing\Pipeline->Illuminate\Routing\{closure}(Object(Illuminate\Http\Request))
#21 C:\wamp\www\laravel\vendor\laravel\framework\src\Illuminate\Pipeline\Pipeline.php(103): call_user_func(Object(Closure), Object(Illuminate\Http\Request))
#22 C:\wamp\www\laravel\vendor\laravel\framework\src\Illuminate\Routing\Router.php(726): Illuminate\Pipeline\Pipeline->then(Object(Closure))
#23 C:\wamp\www\laravel\vendor\laravel\framework\src\Illuminate\Routing\Router.php(699): Illuminate\Routing\Router->runRouteWithinStack(Object(Illuminate\Routing\Route), Object(Illuminate\Http\Request))
#24 C:\wamp\www\laravel\vendor\laravel\framework\src\Illuminate\Routing\Router.php(675): Illuminate\Routing\Router->dispatchToRoute(Object(Illuminate\Http\Request))
#25 C:\wamp\www\laravel\vendor\laravel\framework\src\Illuminate\Foundation\Http\Kernel.php(246): Illuminate\Routing\Router->dispatch(Object(Illuminate\Http\Request))
#26 [internal function]: Illuminate\Foundation\Http\Kernel->Illuminate\Foundation\Http\{closure}(Object(Illuminate\Http\Request))
#27 C:\wamp\www\laravel\vendor\laravel\framework\src\Illuminate\Routing\Pipeline.php(52): call_user_func(Object(Closure), Object(Illuminate\Http\Request))
#28 C:\wamp\www\laravel\vendor\laravel\framework\src\Illuminate\Foundation\Http\Middleware\CheckForMaintenanceMode.php(44): Illuminate\Routing\Pipeline->Illuminate\Routing\{closure}(Object(Illuminate\Http\Request))
#29 [internal function]: Illuminate\Foundation\Http\Middleware\CheckForMaintenanceMode->handle(Object(Illuminate\Http\Request), Object(Closure))
#30 C:\wamp\www\laravel\vendor\laravel\framework\src\Illuminate\Pipeline\Pipeline.php(124): call_user_func_array(Array, Array)
#31 [internal function]: Illuminate\Pipeline\Pipeline->Illuminate\Pipeline\{closure}(Object(Illuminate\Http\Request))
#32 C:\wamp\www\laravel\vendor\laravel\framework\src\Illuminate\Routing\Pipeline.php(32): call_user_func(Object(Closure), Object(Illuminate\Http\Request))
#33 [internal function]: Illuminate\Routing\Pipeline->Illuminate\Routing\{closure}(Object(Illuminate\Http\Request))
#34 C:\wamp\www\laravel\vendor\laravel\framework\src\Illuminate\Pipeline\Pipeline.php(103): call_user_func(Object(Closure), Object(Illuminate\Http\Request))
#35 C:\wamp\www\laravel\vendor\laravel\framework\src\Illuminate\Foundation\Http\Kernel.php(132): Illuminate\Pipeline\Pipeline->then(Object(Closure))
#36 C:\wamp\www\laravel\vendor\laravel\framework\src\Illuminate\Foundation\Http\Kernel.php(99): Illuminate\Foundation\Http\Kernel->sendRequestThroughRouter(Object(Illuminate\Http\Request))
#37 C:\wamp\www\laravel\public\index.php(54): Illuminate\Foundation\Http\Kernel->handle(Object(Illuminate\Http\Request))
#38 {main}  
[2016-09-20 07:45:03] local.ERROR: exception 'UnexpectedValueException' with message 'The Response content must be a string or object implementing __toString(), "boolean" given.' in C:\wamp\www\laravel\vendor\symfony\http-foundation\Response.php:397
Stack trace:
#0 C:\wamp\www\laravel\vendor\laravel\framework\src\Illuminate\Http\Response.php(56): Symfony\Component\HttpFoundation\Response->setContent(true)
#1 C:\wamp\www\laravel\vendor\symfony\http-foundation\Response.php(199): Illuminate\Http\Response->setContent(true)
#2 C:\wamp\www\laravel\vendor\laravel\framework\src\Illuminate\Routing\Router.php(1087): Symfony\Component\HttpFoundation\Response->__construct(true)
#3 C:\wamp\www\laravel\vendor\laravel\framework\src\Illuminate\Routing\ControllerDispatcher.php(95): Illuminate\Routing\Router->prepareResponse(Object(Illuminate\Http\Request), true)
#4 [internal function]: Illuminate\Routing\ControllerDispatcher->Illuminate\Routing\{closure}(Object(Illuminate\Http\Request))
#5 C:\wamp\www\laravel\vendor\laravel\framework\src\Illuminate\Routing\Pipeline.php(52): call_user_func(Object(Closure), Object(Illuminate\Http\Request))
#6 [internal function]: Illuminate\Routing\Pipeline->Illuminate\Routing\{closure}(Object(Illuminate\Http\Request))
#7 C:\wamp\www\laravel\vendor\laravel\framework\src\Illuminate\Pipeline\Pipeline.php(103): call_user_func(Object(Closure), Object(Illuminate\Http\Request))
#8 C:\wamp\www\laravel\vendor\laravel\framework\src\Illuminate\Routing\ControllerDispatcher.php(96): Illuminate\Pipeline\Pipeline->then(Object(Closure))
#9 C:\wamp\www\laravel\vendor\laravel\framework\src\Illuminate\Routing\ControllerDispatcher.php(54): Illuminate\Routing\ControllerDispatcher->callWithinStack(Object(App\Http\Controllers\StudentController), Object(Illuminate\Routing\Route), Object(Illuminate\Http\Request), 'query')
#10 C:\wamp\www\laravel\vendor\laravel\framework\src\Illuminate\Routing\Route.php(174): Illuminate\Routing\ControllerDispatcher->dispatch(Object(Illuminate\Routing\Route), Object(Illuminate\Http\Request), 'App\\Http\\Contro...', 'query')
#11 C:\wamp\www\laravel\vendor\laravel\framework\src\Illuminate\Routing\Route.php(140): Illuminate\Routing\Route->runController(Object(Illuminate\Http\Request))
#12 C:\wamp\www\laravel\vendor\laravel\framework\src\Illuminate\Routing\Router.php(724): Illuminate\Routing\Route->run(Object(Illuminate\Http\Request))
#13 [internal function]: Illuminate\Routing\Router->Illuminate\Routing\{closure}(Object(Illuminate\Http\Request))
#14 C:\wamp\www\laravel\vendor\laravel\framework\src\Illuminate\Routing\Pipeline.php(52): call_user_func(Object(Closure), Object(Illuminate\Http\Request))
#15 [internal function]: Illuminate\Routing\Pipeline->Illuminate\Routing\{closure}(Object(Illuminate\Http\Request))
#16 C:\wamp\www\laravel\vendor\laravel\framework\src\Illuminate\Pipeline\Pipeline.php(103): call_user_func(Object(Closure), Object(Illuminate\Http\Request))
#17 C:\wamp\www\laravel\vendor\laravel\framework\src\Illuminate\Routing\Router.php(726): Illuminate\Pipeline\Pipeline->then(Object(Closure))
#18 C:\wamp\www\laravel\vendor\laravel\framework\src\Illuminate\Routing\Router.php(699): Illuminate\Routing\Router->runRouteWithinStack(Object(Illuminate\Routing\Route), Object(Illuminate\Http\Request))
#19 C:\wamp\www\laravel\vendor\laravel\framework\src\Illuminate\Routing\Router.php(675): Illuminate\Routing\Router->dispatchToRoute(Object(Illuminate\Http\Request))
#20 C:\wamp\www\laravel\vendor\laravel\framework\src\Illuminate\Foundation\Http\Kernel.php(246): Illuminate\Routing\Router->dispatch(Object(Illuminate\Http\Request))
#21 [internal function]: Illuminate\Foundation\Http\Kernel->Illuminate\Foundation\Http\{closure}(Object(Illuminate\Http\Request))
#22 C:\wamp\www\laravel\vendor\laravel\framework\src\Illuminate\Routing\Pipeline.php(52): call_user_func(Object(Closure), Object(Illuminate\Http\Request))
#23 C:\wamp\www\laravel\vendor\laravel\framework\src\Illuminate\Foundation\Http\Middleware\CheckForMaintenanceMode.php(44): Illuminate\Routing\Pipeline->Illuminate\Routing\{closure}(Object(Illuminate\Http\Request))
#24 [internal function]: Illuminate\Foundation\Http\Middleware\CheckForMaintenanceMode->handle(Object(Illuminate\Http\Request), Object(Closure))
#25 C:\wamp\www\laravel\vendor\laravel\framework\src\Illuminate\Pipeline\Pipeline.php(124): call_user_func_array(Array, Array)
#26 [internal function]: Illuminate\Pipeline\Pipeline->Illuminate\Pipeline\{closure}(Object(Illuminate\Http\Request))
#27 C:\wamp\www\laravel\vendor\laravel\framework\src\Illuminate\Routing\Pipeline.php(32): call_user_func(Object(Closure), Object(Illuminate\Http\Request))
#28 [internal function]: Illuminate\Routing\Pipeline->Illuminate\Routing\{closure}(Object(Illuminate\Http\Request))
#29 C:\wamp\www\laravel\vendor\laravel\framework\src\Illuminate\Pipeline\Pipeline.php(103): call_user_func(Object(Closure), Object(Illuminate\Http\Request))
#30 C:\wamp\www\laravel\vendor\laravel\framework\src\Illuminate\Foundation\Http\Kernel.php(132): Illuminate\Pipeline\Pipeline->then(Object(Closure))
#31 C:\wamp\www\laravel\vendor\laravel\framework\src\Illuminate\Foundation\Http\Kernel.php(99): Illuminate\Foundation\Http\Kernel->sendRequestThroughRouter(Object(Illuminate\Http\Request))
#32 C:\wamp\www\laravel\public\index.php(54): Illuminate\Foundation\Http\Kernel->handle(Object(Illuminate\Http\Request))
#33 {main}  
[2016-09-20 07:58:29] local.ERROR: exception 'Symfony\Component\Debug\Exception\FatalErrorException' with message 'syntax error, unexpected 'return' (T_RETURN)' in C:\wamp\www\laravel\app\Http\Controllers\StudentController.php:44
Stack trace:
#0 C:\wamp\www\laravel\vendor\laravel\framework\src\Illuminate\Foundation\Bootstrap\HandleExceptions.php(133): Symfony\Component\Debug\Exception\FatalErrorException->__construct()
#1 C:\wamp\www\laravel\vendor\laravel\framework\src\Illuminate\Foundation\Bootstrap\HandleExceptions.php(118): Illuminate\Foundation\Bootstrap\HandleExceptions->fatalExceptionFromError()
#2 C:\wamp\www\laravel\vendor\laravel\framework\src\Illuminate\Foundation\Bootstrap\HandleExceptions.php(0): Illuminate\Foundation\Bootstrap\HandleExceptions->handleShutdown()
#3 C:\wamp\www\laravel\vendor\composer\ClassLoader.php(301): Composer\Autoload\includeFile()
#4 C:\wamp\www\laravel\vendor\laravel\framework\src\Illuminate\Routing\Route.php(0): Composer\Autoload\ClassLoader->loadClass()
#5 C:\wamp\www\laravel\vendor\laravel\framework\src\Illuminate\Routing\Route.php(264): spl_autoload_call()
#6 C:\wamp\www\laravel\vendor\laravel\framework\src\Illuminate\Routing\Route.php(264): ReflectionMethod->__construct()
#7 C:\wamp\www\laravel\vendor\laravel\framework\src\Illuminate\Routing\Router.php(859): Illuminate\Routing\Route->signatureParameters()
#8 C:\wamp\www\laravel\vendor\laravel\framework\src\Illuminate\Routing\Router.php(844): Illuminate\Routing\Router->substituteImplicitBindings()
#9 C:\wamp\www\laravel\vendor\laravel\framework\src\Illuminate\Routing\Router.php(827): Illuminate\Routing\Router->substituteBindings()
#10 C:\wamp\www\laravel\vendor\laravel\framework\src\Illuminate\Routing\Router.php(691): Illuminate\Routing\Router->findRoute()
#11 C:\wamp\www\laravel\vendor\laravel\framework\src\Illuminate\Routing\Router.php(675): Illuminate\Routing\Router->dispatchToRoute()
#12 C:\wamp\www\laravel\vendor\laravel\framework\src\Illuminate\Foundation\Http\Kernel.php(246): Illuminate\Routing\Router->dispatch()
#13 C:\wamp\www\laravel\vendor\laravel\framework\src\Illuminate\Routing\Pipeline.php(52): Illuminate\Foundation\Http\Kernel->Illuminate\Foundation\Http\{closure}()
#14 C:\wamp\www\laravel\vendor\laravel\framework\src\Illuminate\Routing\Pipeline.php(52): call_user_func:{C:\wamp\www\laravel\vendor\laravel\framework\src\Illuminate\Routing\Pipeline.php:52}()
#15 C:\wamp\www\laravel\vendor\laravel\framework\src\Illuminate\Foundation\Http\Middleware\CheckForMaintenanceMode.php(44): Illuminate\Routing\Pipeline->Illuminate\Routing\{closure}()
#16 C:\wamp\www\laravel\vendor\laravel\framework\src\Illuminate\Pipeline\Pipeline.php(124): Illuminate\Foundation\Http\Middleware\CheckForMaintenanceMode->handle()
#17 C:\wamp\www\laravel\vendor\laravel\framework\src\Illuminate\Pipeline\Pipeline.php(124): call_user_func_array:{C:\wamp\www\laravel\vendor\laravel\framework\src\Illuminate\Pipeline\Pipeline.php:124}()
#18 C:\wamp\www\laravel\vendor\laravel\framework\src\Illuminate\Routing\Pipeline.php(32): Illuminate\Pipeline\Pipeline->Illuminate\Pipeline\{closure}()
#19 C:\wamp\www\laravel\vendor\laravel\framework\src\Illuminate\Routing\Pipeline.php(32): call_user_func:{C:\wamp\www\laravel\vendor\laravel\framework\src\Illuminate\Routing\Pipeline.php:32}()
#20 C:\wamp\www\laravel\vendor\laravel\framework\src\Illuminate\Pipeline\Pipeline.php(103): Illuminate\Routing\Pipeline->Illuminate\Routing\{closure}()
#21 C:\wamp\www\laravel\vendor\laravel\framework\src\Illuminate\Pipeline\Pipeline.php(103): call_user_func:{C:\wamp\www\laravel\vendor\laravel\framework\src\Illuminate\Pipeline\Pipeline.php:103}()
#22 C:\wamp\www\laravel\vendor\laravel\framework\src\Illuminate\Foundation\Http\Kernel.php(132): Illuminate\Pipeline\Pipeline->then()
#23 C:\wamp\www\laravel\vendor\laravel\framework\src\Illuminate\Foundation\Http\Kernel.php(99): Illuminate\Foundation\Http\Kernel->sendRequestThroughRouter()
#24 C:\wamp\www\laravel\public\index.php(54): Illuminate\Foundation\Http\Kernel->handle()
#25 C:\wamp\www\laravel\public\index.php(0): {main}()
#26 {main}  
[2016-09-20 07:58:47] local.ERROR: exception 'Symfony\Component\Debug\Exception\FatalErrorException' with message 'syntax error, unexpected 'return' (T_RETURN)' in C:\wamp\www\laravel\app\Http\Controllers\StudentController.php:44
Stack trace:
#0 C:\wamp\www\laravel\vendor\laravel\framework\src\Illuminate\Foundation\Bootstrap\HandleExceptions.php(133): Symfony\Component\Debug\Exception\FatalErrorException->__construct()
#1 C:\wamp\www\laravel\vendor\laravel\framework\src\Illuminate\Foundation\Bootstrap\HandleExceptions.php(118): Illuminate\Foundation\Bootstrap\HandleExceptions->fatalExceptionFromError()
#2 C:\wamp\www\laravel\vendor\laravel\framework\src\Illuminate\Foundation\Bootstrap\HandleExceptions.php(0): Illuminate\Foundation\Bootstrap\HandleExceptions->handleShutdown()
#3 C:\wamp\www\laravel\vendor\composer\ClassLoader.php(301): Composer\Autoload\includeFile()
#4 C:\wamp\www\laravel\vendor\laravel\framework\src\Illuminate\Routing\Route.php(0): Composer\Autoload\ClassLoader->loadClass()
#5 C:\wamp\www\laravel\vendor\laravel\framework\src\Illuminate\Routing\Route.php(264): spl_autoload_call()
#6 C:\wamp\www\laravel\vendor\laravel\framework\src\Illuminate\Routing\Route.php(264): ReflectionMethod->__construct()
#7 C:\wamp\www\laravel\vendor\laravel\framework\src\Illuminate\Routing\Router.php(859): Illuminate\Routing\Route->signatureParameters()
#8 C:\wamp\www\laravel\vendor\laravel\framework\src\Illuminate\Routing\Router.php(844): Illuminate\Routing\Router->substituteImplicitBindings()
#9 C:\wamp\www\laravel\vendor\laravel\framework\src\Illuminate\Routing\Router.php(827): Illuminate\Routing\Router->substituteBindings()
#10 C:\wamp\www\laravel\vendor\laravel\framework\src\Illuminate\Routing\Router.php(691): Illuminate\Routing\Router->findRoute()
#11 C:\wamp\www\laravel\vendor\laravel\framework\src\Illuminate\Routing\Router.php(675): Illuminate\Routing\Router->dispatchToRoute()
#12 C:\wamp\www\laravel\vendor\laravel\framework\src\Illuminate\Foundation\Http\Kernel.php(246): Illuminate\Routing\Router->dispatch()
#13 C:\wamp\www\laravel\vendor\laravel\framework\src\Illuminate\Routing\Pipeline.php(52): Illuminate\Foundation\Http\Kernel->Illuminate\Foundation\Http\{closure}()
#14 C:\wamp\www\laravel\vendor\laravel\framework\src\Illuminate\Routing\Pipeline.php(52): call_user_func:{C:\wamp\www\laravel\vendor\laravel\framework\src\Illuminate\Routing\Pipeline.php:52}()
#15 C:\wamp\www\laravel\vendor\laravel\framework\src\Illuminate\Foundation\Http\Middleware\CheckForMaintenanceMode.php(44): Illuminate\Routing\Pipeline->Illuminate\Routing\{closure}()
#16 C:\wamp\www\laravel\vendor\laravel\framework\src\Illuminate\Pipeline\Pipeline.php(124): Illuminate\Foundation\Http\Middleware\CheckForMaintenanceMode->handle()
#17 C:\wamp\www\laravel\vendor\laravel\framework\src\Illuminate\Pipeline\Pipeline.php(124): call_user_func_array:{C:\wamp\www\laravel\vendor\laravel\framework\src\Illuminate\Pipeline\Pipeline.php:124}()
#18 C:\wamp\www\laravel\vendor\laravel\framework\src\Illuminate\Routing\Pipeline.php(32): Illuminate\Pipeline\Pipeline->Illuminate\Pipeline\{closure}()
#19 C:\wamp\www\laravel\vendor\laravel\framework\src\Illuminate\Routing\Pipeline.php(32): call_user_func:{C:\wamp\www\laravel\vendor\laravel\framework\src\Illuminate\Routing\Pipeline.php:32}()
#20 C:\wamp\www\laravel\vendor\laravel\framework\src\Illuminate\Pipeline\Pipeline.php(103): Illuminate\Routing\Pipeline->Illuminate\Routing\{closure}()
#21 C:\wamp\www\laravel\vendor\laravel\framework\src\Illuminate\Pipeline\Pipeline.php(103): call_user_func:{C:\wamp\www\laravel\vendor\laravel\framework\src\Illuminate\Pipeline\Pipeline.php:103}()
#22 C:\wamp\www\laravel\vendor\laravel\framework\src\Illuminate\Foundation\Http\Kernel.php(132): Illuminate\Pipeline\Pipeline->then()
#23 C:\wamp\www\laravel\vendor\laravel\framework\src\Illuminate\Foundation\Http\Kernel.php(99): Illuminate\Foundation\Http\Kernel->sendRequestThroughRouter()
#24 C:\wamp\www\laravel\public\index.php(54): Illuminate\Foundation\Http\Kernel->handle()
#25 C:\wamp\www\laravel\public\index.php(0): {main}()
#26 {main}  
[2016-09-20 07:58:56] local.ERROR: exception 'PDOException' with message 'SQLSTATE[42S02]: Base table or view not found: 1146 Table 'laravel.table' doesn't exist' in C:\wamp\www\laravel\vendor\laravel\framework\src\Illuminate\Database\Connection.php:429
Stack trace:
#0 C:\wamp\www\laravel\vendor\laravel\framework\src\Illuminate\Database\Connection.php(429): PDO->prepare('update `table` ...')
#1 C:\wamp\www\laravel\vendor\laravel\framework\src\Illuminate\Database\Connection.php(662): Illuminate\Database\Connection->Illuminate\Database\{closure}(Object(Illuminate\Database\MySqlConnection), 'update `table` ...', Array)
#2 C:\wamp\www\laravel\vendor\laravel\framework\src\Illuminate\Database\Connection.php(629): Illuminate\Database\Connection->runQueryCallback('update `table` ...', Array, Object(Closure))
#3 C:\wamp\www\laravel\vendor\laravel\framework\src\Illuminate\Database\Connection.php(434): Illuminate\Database\Connection->run('update `table` ...', Array, Object(Closure))
#4 C:\wamp\www\laravel\vendor\laravel\framework\src\Illuminate\Database\Connection.php(377): Illuminate\Database\Connection->affectingStatement('update `table` ...', Array)
#5 C:\wamp\www\laravel\vendor\laravel\framework\src\Illuminate\Database\Query\Builder.php(1904): Illuminate\Database\Connection->update('update `table` ...', Array)
#6 C:\wamp\www\laravel\vendor\laravel\framework\src\Illuminate\Database\Query\Builder.php(1921): Illuminate\Database\Query\Builder->update(Array)
#7 C:\wamp\www\laravel\app\Http\Controllers\StudentController.php(42): Illuminate\Database\Query\Builder->increment('age')
#8 [internal function]: App\Http\Controllers\StudentController->query2()
#9 C:\wamp\www\laravel\vendor\laravel\framework\src\Illuminate\Routing\Controller.php(78): call_user_func_array(Array, Array)
#10 C:\wamp\www\laravel\vendor\laravel\framework\src\Illuminate\Routing\ControllerDispatcher.php(146): Illuminate\Routing\Controller->callAction('query2', Array)
#11 C:\wamp\www\laravel\vendor\laravel\framework\src\Illuminate\Routing\ControllerDispatcher.php(94): Illuminate\Routing\ControllerDispatcher->call(Object(App\Http\Controllers\StudentController), Object(Illuminate\Routing\Route), 'query2')
#12 [internal function]: Illuminate\Routing\ControllerDispatcher->Illuminate\Routing\{closure}(Object(Illuminate\Http\Request))
#13 C:\wamp\www\laravel\vendor\laravel\framework\src\Illuminate\Routing\Pipeline.php(52): call_user_func(Object(Closure), Object(Illuminate\Http\Request))
#14 [internal function]: Illuminate\Routing\Pipeline->Illuminate\Routing\{closure}(Object(Illuminate\Http\Request))
#15 C:\wamp\www\laravel\vendor\laravel\framework\src\Illuminate\Pipeline\Pipeline.php(103): call_user_func(Object(Closure), Object(Illuminate\Http\Request))
#16 C:\wamp\www\laravel\vendor\laravel\framework\src\Illuminate\Routing\ControllerDispatcher.php(96): Illuminate\Pipeline\Pipeline->then(Object(Closure))
#17 C:\wamp\www\laravel\vendor\laravel\framework\src\Illuminate\Routing\ControllerDispatcher.php(54): Illuminate\Routing\ControllerDispatcher->callWithinStack(Object(App\Http\Controllers\StudentController), Object(Illuminate\Routing\Route), Object(Illuminate\Http\Request), 'query2')
#18 C:\wamp\www\laravel\vendor\laravel\framework\src\Illuminate\Routing\Route.php(174): Illuminate\Routing\ControllerDispatcher->dispatch(Object(Illuminate\Routing\Route), Object(Illuminate\Http\Request), 'App\\Http\\Contro...', 'query2')
#19 C:\wamp\www\laravel\vendor\laravel\framework\src\Illuminate\Routing\Route.php(140): Illuminate\Routing\Route->runController(Object(Illuminate\Http\Request))
#20 C:\wamp\www\laravel\vendor\laravel\framework\src\Illuminate\Routing\Router.php(724): Illuminate\Routing\Route->run(Object(Illuminate\Http\Request))
#21 [internal function]: Illuminate\Routing\Router->Illuminate\Routing\{closure}(Object(Illuminate\Http\Request))
#22 C:\wamp\www\laravel\vendor\laravel\framework\src\Illuminate\Routing\Pipeline.php(52): call_user_func(Object(Closure), Object(Illuminate\Http\Request))
#23 [internal function]: Illuminate\Routing\Pipeline->Illuminate\Routing\{closure}(Object(Illuminate\Http\Request))
#24 C:\wamp\www\laravel\vendor\laravel\framework\src\Illuminate\Pipeline\Pipeline.php(103): call_user_func(Object(Closure), Object(Illuminate\Http\Request))
#25 C:\wamp\www\laravel\vendor\laravel\framework\src\Illuminate\Routing\Router.php(726): Illuminate\Pipeline\Pipeline->then(Object(Closure))
#26 C:\wamp\www\laravel\vendor\laravel\framework\src\Illuminate\Routing\Router.php(699): Illuminate\Routing\Router->runRouteWithinStack(Object(Illuminate\Routing\Route), Object(Illuminate\Http\Request))
#27 C:\wamp\www\laravel\vendor\laravel\framework\src\Illuminate\Routing\Router.php(675): Illuminate\Routing\Router->dispatchToRoute(Object(Illuminate\Http\Request))
#28 C:\wamp\www\laravel\vendor\laravel\framework\src\Illuminate\Foundation\Http\Kernel.php(246): Illuminate\Routing\Router->dispatch(Object(Illuminate\Http\Request))
#29 [internal function]: Illuminate\Foundation\Http\Kernel->Illuminate\Foundation\Http\{closure}(Object(Illuminate\Http\Request))
#30 C:\wamp\www\laravel\vendor\laravel\framework\src\Illuminate\Routing\Pipeline.php(52): call_user_func(Object(Closure), Object(Illuminate\Http\Request))
#31 C:\wamp\www\laravel\vendor\laravel\framework\src\Illuminate\Foundation\Http\Middleware\CheckForMaintenanceMode.php(44): Illuminate\Routing\Pipeline->Illuminate\Routing\{closure}(Object(Illuminate\Http\Request))
#32 [internal function]: Illuminate\Foundation\Http\Middleware\CheckForMaintenanceMode->handle(Object(Illuminate\Http\Request), Object(Closure))
#33 C:\wamp\www\laravel\vendor\laravel\framework\src\Illuminate\Pipeline\Pipeline.php(124): call_user_func_array(Array, Array)
#34 [internal function]: Illuminate\Pipeline\Pipeline->Illuminate\Pipeline\{closure}(Object(Illuminate\Http\Request))
#35 C:\wamp\www\laravel\vendor\laravel\framework\src\Illuminate\Routing\Pipeline.php(32): call_user_func(Object(Closure), Object(Illuminate\Http\Request))
#36 [internal function]: Illuminate\Routing\Pipeline->Illuminate\Routing\{closure}(Object(Illuminate\Http\Request))
#37 C:\wamp\www\laravel\vendor\laravel\framework\src\Illuminate\Pipeline\Pipeline.php(103): call_user_func(Object(Closure), Object(Illuminate\Http\Request))
#38 C:\wamp\www\laravel\vendor\laravel\framework\src\Illuminate\Foundation\Http\Kernel.php(132): Illuminate\Pipeline\Pipeline->then(Object(Closure))
#39 C:\wamp\www\laravel\vendor\laravel\framework\src\Illuminate\Foundation\Http\Kernel.php(99): Illuminate\Foundation\Http\Kernel->sendRequestThroughRouter(Object(Illuminate\Http\Request))
#40 C:\wamp\www\laravel\public\index.php(54): Illuminate\Foundation\Http\Kernel->handle(Object(Illuminate\Http\Request))
#41 {main}

Next exception 'Illuminate\Database\QueryException' with message 'SQLSTATE[42S02]: Base table or view not found: 1146 Table 'laravel.table' doesn't exist (SQL: update `table` set `age` = `age` + 1 where `id` = 3)' in C:\wamp\www\laravel\vendor\laravel\framework\src\Illuminate\Database\Connection.php:669
Stack trace:
#0 C:\wamp\www\laravel\vendor\laravel\framework\src\Illuminate\Database\Connection.php(629): Illuminate\Database\Connection->runQueryCallback('update `table` ...', Array, Object(Closure))
#1 C:\wamp\www\laravel\vendor\laravel\framework\src\Illuminate\Database\Connection.php(434): Illuminate\Database\Connection->run('update `table` ...', Array, Object(Closure))
#2 C:\wamp\www\laravel\vendor\laravel\framework\src\Illuminate\Database\Connection.php(377): Illuminate\Database\Connection->affectingStatement('update `table` ...', Array)
#3 C:\wamp\www\laravel\vendor\laravel\framework\src\Illuminate\Database\Query\Builder.php(1904): Illuminate\Database\Connection->update('update `table` ...', Array)
#4 C:\wamp\www\laravel\vendor\laravel\framework\src\Illuminate\Database\Query\Builder.php(1921): Illuminate\Database\Query\Builder->update(Array)
#5 C:\wamp\www\laravel\app\Http\Controllers\StudentController.php(42): Illuminate\Database\Query\Builder->increment('age')
#6 [internal function]: App\Http\Controllers\StudentController->query2()
#7 C:\wamp\www\laravel\vendor\laravel\framework\src\Illuminate\Routing\Controller.php(78): call_user_func_array(Array, Array)
#8 C:\wamp\www\laravel\vendor\laravel\framework\src\Illuminate\Routing\ControllerDispatcher.php(146): Illuminate\Routing\Controller->callAction('query2', Array)
#9 C:\wamp\www\laravel\vendor\laravel\framework\src\Illuminate\Routing\ControllerDispatcher.php(94): Illuminate\Routing\ControllerDispatcher->call(Object(App\Http\Controllers\StudentController), Object(Illuminate\Routing\Route), 'query2')
#10 [internal function]: Illuminate\Routing\ControllerDispatcher->Illuminate\Routing\{closure}(Object(Illuminate\Http\Request))
#11 C:\wamp\www\laravel\vendor\laravel\framework\src\Illuminate\Routing\Pipeline.php(52): call_user_func(Object(Closure), Object(Illuminate\Http\Request))
#12 [internal function]: Illuminate\Routing\Pipeline->Illuminate\Routing\{closure}(Object(Illuminate\Http\Request))
#13 C:\wamp\www\laravel\vendor\laravel\framework\src\Illuminate\Pipeline\Pipeline.php(103): call_user_func(Object(Closure), Object(Illuminate\Http\Request))
#14 C:\wamp\www\laravel\vendor\laravel\framework\src\Illuminate\Routing\ControllerDispatcher.php(96): Illuminate\Pipeline\Pipeline->then(Object(Closure))
#15 C:\wamp\www\laravel\vendor\laravel\framework\src\Illuminate\Routing\ControllerDispatcher.php(54): Illuminate\Routing\ControllerDispatcher->callWithinStack(Object(App\Http\Controllers\StudentController), Object(Illuminate\Routing\Route), Object(Illuminate\Http\Request), 'query2')
#16 C:\wamp\www\laravel\vendor\laravel\framework\src\Illuminate\Routing\Route.php(174): Illuminate\Routing\ControllerDispatcher->dispatch(Object(Illuminate\Routing\Route), Object(Illuminate\Http\Request), 'App\\Http\\Contro...', 'query2')
#17 C:\wamp\www\laravel\vendor\laravel\framework\src\Illuminate\Routing\Route.php(140): Illuminate\Routing\Route->runController(Object(Illuminate\Http\Request))
#18 C:\wamp\www\laravel\vendor\laravel\framework\src\Illuminate\Routing\Router.php(724): Illuminate\Routing\Route->run(Object(Illuminate\Http\Request))
#19 [internal function]: Illuminate\Routing\Router->Illuminate\Routing\{closure}(Object(Illuminate\Http\Request))
#20 C:\wamp\www\laravel\vendor\laravel\framework\src\Illuminate\Routing\Pipeline.php(52): call_user_func(Object(Closure), Object(Illuminate\Http\Request))
#21 [internal function]: Illuminate\Routing\Pipeline->Illuminate\Routing\{closure}(Object(Illuminate\Http\Request))
#22 C:\wamp\www\laravel\vendor\laravel\framework\src\Illuminate\Pipeline\Pipeline.php(103): call_user_func(Object(Closure), Object(Illuminate\Http\Request))
#23 C:\wamp\www\laravel\vendor\laravel\framework\src\Illuminate\Routing\Router.php(726): Illuminate\Pipeline\Pipeline->then(Object(Closure))
#24 C:\wamp\www\laravel\vendor\laravel\framework\src\Illuminate\Routing\Router.php(699): Illuminate\Routing\Router->runRouteWithinStack(Object(Illuminate\Routing\Route), Object(Illuminate\Http\Request))
#25 C:\wamp\www\laravel\vendor\laravel\framework\src\Illuminate\Routing\Router.php(675): Illuminate\Routing\Router->dispatchToRoute(Object(Illuminate\Http\Request))
#26 C:\wamp\www\laravel\vendor\laravel\framework\src\Illuminate\Foundation\Http\Kernel.php(246): Illuminate\Routing\Router->dispatch(Object(Illuminate\Http\Request))
#27 [internal function]: Illuminate\Foundation\Http\Kernel->Illuminate\Foundation\Http\{closure}(Object(Illuminate\Http\Request))
#28 C:\wamp\www\laravel\vendor\laravel\framework\src\Illuminate\Routing\Pipeline.php(52): call_user_func(Object(Closure), Object(Illuminate\Http\Request))
#29 C:\wamp\www\laravel\vendor\laravel\framework\src\Illuminate\Foundation\Http\Middleware\CheckForMaintenanceMode.php(44): Illuminate\Routing\Pipeline->Illuminate\Routing\{closure}(Object(Illuminate\Http\Request))
#30 [internal function]: Illuminate\Foundation\Http\Middleware\CheckForMaintenanceMode->handle(Object(Illuminate\Http\Request), Object(Closure))
#31 C:\wamp\www\laravel\vendor\laravel\framework\src\Illuminate\Pipeline\Pipeline.php(124): call_user_func_array(Array, Array)
#32 [internal function]: Illuminate\Pipeline\Pipeline->Illuminate\Pipeline\{closure}(Object(Illuminate\Http\Request))
#33 C:\wamp\www\laravel\vendor\laravel\framework\src\Illuminate\Routing\Pipeline.php(32): call_user_func(Object(Closure), Object(Illuminate\Http\Request))
#34 [internal function]: Illuminate\Routing\Pipeline->Illuminate\Routing\{closure}(Object(Illuminate\Http\Request))
#35 C:\wamp\www\laravel\vendor\laravel\framework\src\Illuminate\Pipeline\Pipeline.php(103): call_user_func(Object(Closure), Object(Illuminate\Http\Request))
#36 C:\wamp\www\laravel\vendor\laravel\framework\src\Illuminate\Foundation\Http\Kernel.php(132): Illuminate\Pipeline\Pipeline->then(Object(Closure))
#37 C:\wamp\www\laravel\vendor\laravel\framework\src\Illuminate\Foundation\Http\Kernel.php(99): Illuminate\Foundation\Http\Kernel->sendRequestThroughRouter(Object(Illuminate\Http\Request))
#38 C:\wamp\www\laravel\public\index.php(54): Illuminate\Foundation\Http\Kernel->handle(Object(Illuminate\Http\Request))
#39 {main}  
